<?xml version="1.0" encoding="UTF-8"?>
<!-- Generated by org.testng.reporters.JUnitReportReporter -->
<testsuite hostname="DESKTOP-ATHA3UG" failures="0" tests="1" name="seleniumTesting.seleniumTesting.openBrowser" time="0.014" errors="0" timestamp="2024-10-05T22:00:05 IST" skipped="0">
  <testcase classname="seleniumTesting.seleniumTesting.openBrowser" name="testing" time="0.014"/>
</testsuite> <!-- seleniumTesting.seleniumTesting.openBrowser -->
